[SQL_LOG:2023-03-24 08:08:05]: SELECT id, ctg_name, parent_id FROM category      []
[SQL_LOG:2023-03-24 08:09:27]: SELECT id, ctg_name, parent_id FROM category      []
[SQL_LOG:2023-03-24 08:09:40]: SELECT id, ctg_name, parent_id FROM category      []
[SQL_LOG:2023-03-24 08:10:15]: SELECT id, ctg_name, parent_id FROM category      []
[SQL_LOG:2023-03-24 08:10:32]: SELECT id, ctg_name, parent_id FROM category      []
[SQL_LOG:2023-03-24 08:10:42]: SELECT id, ctg_name, parent_id FROM category      []
[SQL_LOG:2023-03-24 11:10:25]: SELECT id, ctg_name, parent_id FROM category      []
[SQL_LOG:2023-03-24 11:40:49]: SELECT id, ctg_name, parent_id FROM category      []
[SQL_LOG:2023-03-24 11:55:18]: SELECT id, ctg_name, parent_id FROM category      []
[SQL_LOG:2023-03-24 11:55:22]: SELECT id, ctg_name, parent_id FROM category      []
[SQL_LOG:2023-03-24 11:55:23]: SELECT id, ctg_name, parent_id FROM category      []
[SQL_LOG:2023-03-24 11:55:43]: SELECT id, ctg_name, parent_id FROM category      []
[SQL_LOG:2023-03-24 12:12:04]: SELECT id, ctg_name, parent_id FROM category      []
[SQL_LOG:2023-03-24 12:13:11]: SELECT id, ctg_name, parent_id FROM category      []
[SQL_LOG:2023-03-24 12:14:21]: SELECT id, ctg_name, parent_id FROM category      []
[SQL_LOG:2023-03-24 12:15:46]: SELECT id, ctg_name, parent_id FROM category      []
[SQL_LOG:2023-03-24 12:18:02]: SELECT id, ctg_name, parent_id FROM category      []
[SQL_LOG:2023-03-24 12:18:32]: SELECT id, ctg_name, parent_id FROM category      []
[SQL_LOG:2023-03-24 12:18:33]: SELECT id, ctg_name, parent_id FROM category      []
[SQL_LOG:2023-03-24 12:20:39]: SELECT id, ctg_name, parent_id FROM category      []
[SQL_LOG:2023-03-24 12:21:02]: SELECT id, ctg_name, parent_id FROM category      []
[SQL_LOG:2023-03-24 12:21:20]: SELECT id, ctg_name, parent_id FROM category      []
[SQL_LOG:2023-03-24 12:21:46]: SELECT id, ctg_name, parent_id FROM category      []
[SQL_LOG:2023-03-24 12:25:13]: SELECT id, ctg_name, parent_id FROM category      []
[SQL_LOG:2023-03-24 12:25:14]: SELECT id, ctg_name, parent_id FROM category      []
[SQL_LOG:2023-03-24 12:25:15]: SELECT id, ctg_name, parent_id FROM category      []
[SQL_LOG:2023-03-24 12:25:27]: SELECT id, ctg_name, parent_id FROM category      []
[SQL_LOG:2023-03-24 12:25:28]: SELECT id, ctg_name, parent_id FROM category      []
[SQL_LOG:2023-03-24 12:25:56]: SELECT id, ctg_name, parent_id FROM category      []
[SQL_LOG:2023-03-24 12:26:45]: SELECT id, ctg_name, parent_id FROM category      []
[SQL_LOG:2023-03-24 12:30:15]: SELECT id, ctg_name, parent_id FROM category      []
[SQL_LOG:2023-03-24 12:30:16]: SELECT id, ctg_name, parent_id FROM category      []
[SQL_LOG:2023-03-24 12:31:34]: SELECT id, ctg_name, parent_id FROM category      []
[SQL_LOG:2023-03-24 12:31:36]: SELECT id, ctg_name, parent_id FROM category      []
[SQL_LOG:2023-03-24 12:31:36]: SELECT id, ctg_name, parent_id FROM category      []
[SQL_LOG:2023-03-24 12:40:39]: SELECT id, ctg_name, parent_id FROM category      []
[SQL_LOG:2023-03-24 12:41:03]: SELECT id, ctg_name, parent_id FROM category      []
[SQL_LOG:2023-03-24 12:41:22]: SELECT id, ctg_name, parent_id FROM category      []
[SQL_LOG:2023-03-24 12:42:08]: SELECT id, ctg_name, parent_id FROM category      []
[SQL_LOG:2023-03-24 12:42:37]: SELECT id, ctg_name, parent_id FROM category      []
[SQL_LOG:2023-03-24 12:43:29]: SELECT id, ctg_name, parent_id FROM category      []
[SQL_LOG:2023-03-24 12:45:32]: SELECT id, ctg_name, parent_id FROM category      []
[SQL_LOG:2023-03-24 12:48:01]: SELECT id, ctg_name, parent_id FROM category      []
[SQL_LOG:2023-03-24 12:48:04]: SELECT id, ctg_name, parent_id FROM category      []
[SQL_LOG:2023-03-24 12:48:05]: SELECT id, ctg_name, parent_id FROM category      []
[SQL_LOG:2023-03-24 12:48:26]: SELECT id, ctg_name, parent_id FROM category      []
[SQL_LOG:2023-03-24 12:55:47]: SELECT id, ctg_name, parent_id FROM category      []
[SQL_LOG:2023-03-24 13:02:41]: SELECT id, ctg_name, parent_id FROM category      []
[SQL_LOG:2023-03-24 13:10:28]: SELECT id, ctg_name, parent_id FROM category      []
[SQL_LOG:2023-03-24 13:11:05]: SELECT id, ctg_name, parent_id FROM category      []
[SQL_LOG:2023-03-24 13:15:51]: SELECT id, ctg_name, parent_id FROM category      []
[SQL_LOG:2023-03-24 13:16:08]: SELECT id, ctg_name, parent_id FROM category      []
[SQL_LOG:2023-03-24 13:19:25]: SELECT id, ctg_name, parent_id FROM category      []
[SQL_LOG:2023-03-24 13:19:39]: SELECT id, ctg_name, parent_id FROM category      []
[SQL_LOG:2023-03-24 13:20:32]: SELECT id, ctg_name, parent_id FROM category      []
[SQL_LOG:2023-03-24 13:21:30]: SELECT id, ctg_name, parent_id FROM category      []
[SQL_LOG:2023-03-24 13:21:31]: SELECT id, ctg_name, parent_id FROM category      []
[SQL_LOG:2023-03-24 13:21:32]: SELECT id, ctg_name, parent_id FROM category      []
[SQL_LOG:2023-03-24 13:22:15]: SELECT id, ctg_name, parent_id FROM category      []
[SQL_LOG:2023-03-24 13:22:59]: SELECT id, ctg_name, parent_id FROM category      []
[SQL_LOG:2023-03-24 13:25:22]: SELECT id, ctg_name, parent_id FROM category      []
[SQL_LOG:2023-03-24 13:53:57]: SELECT id, ctg_name, parent_id FROM category      []
[SQL_LOG:2023-03-24 13:54:09]: SELECT id, ctg_name, parent_id FROM category      []
[SQL_LOG:2023-03-24 14:21:07]: SELECT id, ctg_name, parent_id FROM category      []
[SQL_LOG:2023-03-24 14:21:19]: SELECT id, ctg_name, parent_id FROM category      []
[SQL_LOG:2023-03-24 14:26:57]: SELECT id, ctg_name, parent_id FROM category      []
[SQL_LOG:2023-03-24 14:27:08]: SELECT id, ctg_name, parent_id FROM category      []
[SQL_LOG:2023-03-24 14:27:19]: SELECT id, ctg_name, parent_id FROM category      []
[SQL_LOG:2023-03-24 14:29:18]: SELECT id, ctg_name, parent_id FROM category      []
[SQL_LOG:2023-03-24 14:29:21]: SELECT id, ctg_name, parent_id FROM category      []
[SQL_LOG:2023-03-24 14:29:34]: SELECT id, ctg_name, parent_id FROM category      []
[SQL_LOG:2023-03-24 14:29:59]: SELECT id, ctg_name, parent_id FROM category      []
[SQL_LOG:2023-03-24 14:31:03]: SELECT id, ctg_name, parent_id FROM category      []
[SQL_LOG:2023-03-24 14:31:47]: SELECT id, ctg_name, parent_id FROM category      []
[SQL_LOG:2023-03-25 14:01:45]: SELECT id, ctg_name, parent_id FROM category      []
[SQL_LOG:2023-03-25 14:10:02]: SELECT id, ctg_name, parent_id FROM category      []
[SQL_LOG:2023-03-25 14:13:47]: SELECT id, ctg_name, parent_id FROM category      []
[SQL_LOG:2023-03-25 14:13:56]: SELECT id, ctg_name, parent_id FROM category      []
[SQL_LOG:2023-03-25 14:29:31]: SELECT id, ctg_name, parent_id FROM category      []
[SQL_LOG:2023-03-25 14:31:46]: SELECT id, ctg_name, parent_id FROM category      []
[SQL_LOG:2023-03-25 14:39:08]: SELECT id, ctg_name, parent_id FROM category      []
[SQL_LOG:2023-03-25 14:39:33]: SELECT id, ctg_name, parent_id FROM category      []
[SQL_LOG:2023-03-25 14:41:53]: SELECT id, ctg_name, parent_id FROM category      []
[SQL_LOG:2023-03-25 14:45:43]: SELECT id, ctg_name, parent_id FROM category      []
[SQL_LOG:2023-03-25 14:45:55]: SELECT id, ctg_name, parent_id FROM category      []
[SQL_LOG:2023-03-25 14:46:32]: SELECT id, ctg_name, parent_id FROM category      []
[SQL_LOG:2023-03-25 14:46:47]: SELECT id, ctg_name, parent_id FROM category      []
[SQL_LOG:2023-03-25 14:48:54]: SELECT id, ctg_name, parent_id FROM category      []
[SQL_LOG:2023-03-25 14:49:08]: SELECT id, ctg_name, parent_id FROM category      []
[SQL_LOG:2023-03-25 14:52:19]: SELECT id, ctg_name, parent_id FROM category      []
[SQL_LOG:2023-03-25 14:52:32]: SELECT id, ctg_name, parent_id FROM category      []
[SQL_LOG:2023-03-25 14:52:55]: SELECT id, ctg_name, parent_id FROM category      []
[SQL_LOG:2023-03-25 14:53:10]: SELECT id, ctg_name, parent_id FROM category      []
[SQL_LOG:2023-03-25 15:05:52]: SELECT id, ctg_name, parent_id FROM category      []
[SQL_LOG:2023-03-25 15:18:07]: SELECT id, ctg_name, parent_id FROM category      []
[SQL_LOG:2023-03-25 15:19:09]: SELECT id, ctg_name, parent_id FROM category      []
[SQL_LOG:2023-03-25 15:20:29]: SELECT id, ctg_name, parent_id FROM category      []
[SQL_LOG:2023-03-25 15:21:03]: SELECT id, ctg_name, parent_id FROM category      []
[SQL_LOG:2023-03-25 15:21:42]: SELECT id, ctg_name, parent_id FROM category      []
[SQL_LOG:2023-03-25 15:25:22]: SELECT id, ctg_name, parent_id FROM category      []
[SQL_LOG:2023-03-25 15:25:32]: SELECT id, ctg_name, parent_id FROM category      []
[SQL_LOG:2023-03-25 15:26:39]: SELECT id, ctg_name, parent_id FROM category      []
[SQL_LOG:2023-03-25 15:31:56]: SELECT id, ctg_name, parent_id FROM category      []
[SQL_LOG:2023-03-25 15:32:05]: SELECT id, ctg_name, parent_id FROM category      []
[SQL_LOG:2023-03-25 15:32:26]: SELECT id, ctg_name, parent_id FROM category      []
[SQL_LOG:2023-03-25 15:50:28]:  INSERT INTO info (title,ctg_name,content,check_flg,user_id,image) VALUES (?,?,?,?,?,?)  [aaa,決定事項,aaa,on,10,upload_1679726222.jpeg]
[SQL_LOG:2023-03-25 15:54:12]:  INSERT INTO info (title,ctg_name,content,check_flg,user_id,image) VALUES (?,?,?,?,?,?)  [aaa,決定事項,aaa,on,10,upload_1679726222.jpeg]
[SQL_LOG:2023-03-25 15:54:21]: SELECT id, ctg_name, parent_id FROM category      []
[SQL_LOG:2023-03-25 15:55:04]: SELECT id, ctg_name, parent_id FROM category      []
[SQL_LOG:2023-03-25 15:55:09]: SELECT id, ctg_name, parent_id FROM category      []
[SQL_LOG:2023-03-25 15:55:49]: SELECT id, ctg_name, parent_id FROM category      []
[SQL_LOG:2023-03-25 15:58:45]: SELECT id, ctg_name, parent_id FROM category      []
[SQL_LOG:2023-03-25 15:59:11]: SELECT id, ctg_name, parent_id FROM category      []
[SQL_LOG:2023-03-25 15:59:38]: SELECT id, ctg_name, parent_id FROM category      []
[SQL_LOG:2023-03-25 16:01:03]: SELECT id, ctg_name, parent_id FROM category      []
[SQL_LOG:2023-03-25 16:03:01]: SELECT id, ctg_name, parent_id FROM category      []
[SQL_LOG:2023-03-25 16:04:46]: SELECT id, ctg_name, parent_id FROM category      []
[SQL_LOG:2023-03-25 16:05:40]: SELECT id, ctg_name, parent_id FROM category      []
[SQL_LOG:2023-03-25 16:05:40]:  INSERT INTO info (title,content,check_flg,user_id,image) VALUES (?,?,?,?,?)  [aaa,aaa,on,10,upload_1679726222.jpeg]
[SQL_LOG:2023-03-25 16:07:18]: SELECT id, ctg_name, parent_id FROM category      []
[SQL_LOG:2023-03-25 16:07:18]:  INSERT INTO info (title,content,check_flg,user_id,image) VALUES (?,?,?,?,?)  [aaa,aaa,1,10,upload_1679726222.jpeg]
[SQL_LOG:2023-03-25 16:12:16]: SELECT id, ctg_name, parent_id FROM category      []
[SQL_LOG:2023-03-25 16:12:28]: SELECT id, ctg_name, parent_id FROM category      []
[SQL_LOG:2023-03-25 16:12:41]: SELECT id, ctg_name, parent_id FROM category      []
[SQL_LOG:2023-03-25 16:12:41]:  INSERT INTO info (title,content,check_flg,user_id,image,create_at) VALUES (?,?,?,?,?,?)  [aaa,aaa,1,10,upload_1679726222.jpeg,NOW()]
[SQL_LOG:2023-03-25 16:13:44]: SELECT id, ctg_name, parent_id FROM category      []
[SQL_LOG:2023-03-25 16:13:44]:  INSERT INTO info (title,content,check_flg,user_id,image,create_at) VALUES (?,?,?,?,?,?)  [aaa,aaa,1,10,upload_1679726222.jpeg,1679728424]
[SQL_LOG:2023-03-25 16:16:11]: SELECT id, ctg_name, parent_id FROM category      []
[SQL_LOG:2023-03-25 16:16:52]: SELECT id, ctg_name, parent_id FROM category      []
[SQL_LOG:2023-03-25 16:17:08]: SELECT id, ctg_name, parent_id FROM category      []
[SQL_LOG:2023-03-25 16:18:10]: SELECT id, ctg_name, parent_id FROM category      []
[SQL_LOG:2023-03-25 16:18:56]: SELECT id, ctg_name, parent_id FROM category      []
[SQL_LOG:2023-03-25 16:18:56]:  INSERT INTO info (title,content,check_flg,user_id,image,create_at) VALUES (?,?,?,?,?,?)  [aaa,aaa,1,10,upload_1679726222.jpeg,2023/03/25 16:18:56]
[SQL_LOG:2023-03-25 16:23:50]: SELECT id, ctg_name, parent_id FROM category      []
[SQL_LOG:2023-03-25 16:23:50]:  INSERT INTO info (title,content,check_flg,user_id,image,create_at) VALUES (?,?,?,?,?,?)  [aaa,aaa,1,10,upload_1679726222.jpeg,2023/03/25 16:23:50]
[SQL_LOG:2023-03-25 16:25:10]: SELECT id, ctg_name, parent_id FROM category      []
[SQL_LOG:2023-03-25 16:25:10]:  INSERT INTO info (title,content,check_flg,user_id,image,create_at) VALUES (?,?,?,?,?,?)  [aaa,aaa,1,10,upload_1679726222.jpeg,2023/03/25 16:25:10]
[SQL_LOG:2023-03-25 16:27:26]: SELECT id, ctg_name, parent_id FROM category      []
[SQL_LOG:2023-03-25 16:27:26]:  INSERT INTO info (title,content,check_flg,user_id,image,create_at) VALUES (?,?,?,?,?,?)  [aaa,aaa,1,10,upload_1679726222.jpeg,2023/03/25 16:27:26]
[SQL_LOG:2023-03-25 16:28:06]: SELECT id, ctg_name, parent_id FROM category      []
[SQL_LOG:2023-03-25 16:28:06]:  INSERT INTO info (title,content,check_flg,user_id,image,create_at) VALUES (?,?,?,?,?,?)  [aaa,aaa,1,10,upload_1679726222.jpeg,2023/03/25 16:28:06]
[SQL_LOG:2023-03-25 16:28:07]: SELECT id, ctg_name, parent_id FROM category      []
[SQL_LOG:2023-03-25 16:28:07]:  INSERT INTO info (title,content,check_flg,user_id,image,create_at) VALUES (?,?,?,?,?,?)  [aaa,aaa,1,10,upload_1679726222.jpeg,2023/03/25 16:28:07]
[SQL_LOG:2023-03-25 16:31:11]: SELECT id, ctg_name, parent_id FROM category      []
[SQL_LOG:2023-03-25 16:31:11]:  INSERT INTO info (title,content,check_flg,user_id,image,create_at) VALUES (?,?,?,?,?,?)  [aaa,aaa,1,10,upload_1679726222.jpeg,2023/03/25 16:31:11]
[SQL_LOG:2023-03-25 16:35:12]: SELECT id, ctg_name, parent_id FROM category      []
[SQL_LOG:2023-03-25 16:35:12]:  INSERT INTO info (title,content,check_flg,user_id,image,create_at) VALUES (?,?,?,?,?,?)  [aaa,aaa,1,10,upload_1679726222.jpeg,2023/03/25 16:35:12]
[SQL_LOG:2023-03-25 17:12:38]: SELECT id, ctg_name, parent_id FROM category      []
[SQL_LOG:2023-03-25 17:13:04]: SELECT id, ctg_name, parent_id FROM category      []
[SQL_LOG:2023-03-25 17:13:04]:  INSERT INTO info (title,content,check_flg,user_id,image,create_at) VALUES (?,?,?,?,?,?)  [bbbbbb,bbbbbb,1,10,upload_1679731972.jpeg,2023/03/25 17:13:04]
[SQL_LOG:2023-03-25 17:13:48]: SELECT id, ctg_name, parent_id FROM category      []
[SQL_LOG:2023-03-25 17:13:48]:  INSERT INTO info (title,content,check_flg,user_id,image,create_at) VALUES (?,?,?,?,?,?)  [bbbbbb,bbbbbb,1,10,upload_1679732026.jpeg,2023/03/25 17:13:48]
[SQL_LOG:2023-03-25 17:14:15]: SELECT id, ctg_name, parent_id FROM category      []
[SQL_LOG:2023-03-25 17:14:29]: SELECT id, ctg_name, parent_id FROM category      []
[SQL_LOG:2023-03-25 17:14:29]:  INSERT INTO info (title,content,check_flg,user_id,image,create_at) VALUES (?,?,?,?,?,?)  [aaaaaaaa,aaaaaaaa,1,10,upload_1679732066.jpeg,2023/03/25 17:14:29]
[SQL_LOG:2023-03-25 17:23:24]: SELECT id, ctg_name, parent_id FROM category      []
[SQL_LOG:2023-03-25 17:23:38]: SELECT id, ctg_name, parent_id FROM category      []
[SQL_LOG:2023-03-25 17:23:38]:  INSERT INTO info (title,content,check_flg,user_id,image,create_at) VALUES (?,?,?,?,?,?)  [aaaaaa,aaaaaa,1,10,upload_1679732616.jpeg,2023/03/25 17:23:38]
[SQL_LOG:2023-03-25 20:41:00]: SELECT id, ctg_name, parent_id FROM category      []
[SQL_LOG:2023-03-25 20:41:12]: SELECT id, ctg_name, parent_id FROM category      []
[SQL_LOG:2023-03-25 20:41:12]:  INSERT INTO info (title,content,check_flg,user_id,image,create_at) VALUES (?,?,?,?,?,?)  [aaaaaaa,aaaaaaa,1,10,upload_1679744471.jpeg,2023/03/25 20:41:12]
[SQL_LOG:2023-03-25 20:51:31]: SELECT id, ctg_name, parent_id FROM category      []
[SQL_LOG:2023-03-25 20:51:31]:  INSERT INTO info (title,content,check_flg,user_id,image,create_at) VALUES (?,?,?,?,?,?)  [aaaaaaa,aaaaaaa,1,10,upload_1679744471.jpeg,2023/03/25 20:51:31]
[SQL_LOG:2023-03-25 20:54:25]: SELECT id, ctg_name, parent_id FROM category      []
[SQL_LOG:2023-03-25 20:54:25]:  INSERT INTO info (title,content,check_flg,user_id,image,create_at) VALUES (?,?,?,?,?,?)  [aaaaaaa,aaaaaaa,1,10,upload_1679744471.jpeg,2023/03/25 20:54:25]
[SQL_LOG:2023-03-25 20:59:00]: SELECT id, ctg_name, parent_id FROM category      []
[SQL_LOG:2023-03-25 20:59:00]:  INSERT INTO info (title,content,check_flg,user_id,image,create_at) VALUES (?,?,?,?,?,?)  [aaaaaaa,aaaaaaa,1,10,upload_1679744471.jpeg,2023/03/25 20:59:00]
[SQL_LOG:2023-03-25 20:59:26]: SELECT id, ctg_name, parent_id FROM category      []
[SQL_LOG:2023-03-25 20:59:26]:  INSERT INTO info (title,content,check_flg,user_id,image,create_at) VALUES (?,?,?,?,?,?)  [aaaaaaa,aaaaaaa,1,10,upload_1679744471.jpeg,2023/03/25 20:59:26]
[SQL_LOG:2023-03-25 21:00:06]: SELECT id, ctg_name, parent_id FROM category      []
[SQL_LOG:2023-03-25 21:00:06]:  INSERT INTO info (title,content,check_flg,user_id,image,create_at) VALUES (?,?,?,?,?,?)  [aaaaaaa,aaaaaaa,1,10,upload_1679744471.jpeg,2023/03/25 21:00:06]
[SQL_LOG:2023-03-25 21:58:08]: SELECT * FROM info  WHERE id     []
[SQL_LOG:2023-03-25 21:58:51]: SELECT * FROM info  WHERE id     []
[SQL_LOG:2023-03-25 21:59:49]: SELECT * FROM info  WHERE id     []
[SQL_LOG:2023-03-25 21:59:53]: SELECT * FROM info  WHERE id     []
[SQL_LOG:2023-03-25 22:00:17]: SELECT * FROM info  WHERE id     []
[SQL_LOG:2023-03-25 22:00:35]: SELECT * FROM info  WHERE id     []
[SQL_LOG:2023-03-25 22:00:46]: SELECT * FROM info  WHERE id     []
[SQL_LOG:2023-03-25 22:01:15]: SELECT * FROM info  WHERE id     []
[SQL_LOG:2023-03-25 22:01:36]: SELECT * FROM info  WHERE id     []
[SQL_LOG:2023-03-25 22:02:12]: SELECT * FROM info  WHERE id     []
[SQL_LOG:2023-03-25 22:02:58]: SELECT * FROM info  WHERE id     []
[SQL_LOG:2023-03-25 22:04:00]: SELECT * FROM info  WHERE id     []
[SQL_LOG:2023-03-25 22:04:38]: SELECT * FROM info  WHERE id     []
[SQL_LOG:2023-03-25 22:12:27]: SELECT * FROM info  WHERE id     []
[SQL_LOG:2023-03-25 22:12:45]: SELECT * FROM info  WHERE id     []
[SQL_LOG:2023-03-25 22:13:43]: SELECT * FROM info  WHERE id     []
[SQL_LOG:2023-03-25 22:13:48]: SELECT * FROM info  WHERE id     []
[SQL_LOG:2023-03-25 22:14:06]: SELECT * FROM info  WHERE id     []
[SQL_LOG:2023-03-25 22:14:31]: SELECT * FROM info  WHERE id     []
[SQL_LOG:2023-03-25 22:14:40]: SELECT * FROM info  WHERE id     []
[SQL_LOG:2023-03-25 22:15:41]: SELECT * FROM info  WHERE id     []
[SQL_LOG:2023-03-25 22:18:01]: SELECT * FROM info  WHERE id     []
[SQL_LOG:2023-03-26 11:27:13]: SELECT id, ctg_name, parent_id FROM category      []
[SQL_LOG:2023-03-26 11:27:31]: SELECT id, ctg_name, parent_id FROM category      []
[SQL_LOG:2023-03-26 11:28:44]: SELECT id, ctg_name, parent_id FROM category      []
[SQL_LOG:2023-03-26 11:29:15]: SELECT id, ctg_name, parent_id FROM category      []
[SQL_LOG:2023-03-26 11:31:07]: SELECT id, ctg_name, parent_id FROM category      []
[SQL_LOG:2023-03-26 11:31:24]: SELECT id, ctg_name, parent_id FROM category      []
[SQL_LOG:2023-03-26 11:31:25]: SELECT id, ctg_name, parent_id FROM category      []
[SQL_LOG:2023-03-26 11:31:29]: SELECT id, ctg_name, parent_id FROM category      []
[SQL_LOG:2023-03-26 11:31:48]: SELECT id, ctg_name, parent_id FROM category      []
[SQL_LOG:2023-03-26 11:32:09]: SELECT id, ctg_name, parent_id FROM category      []
[SQL_LOG:2023-03-26 11:32:17]: SELECT id, ctg_name, parent_id FROM category      []
[SQL_LOG:2023-03-26 11:34:41]: SELECT id, ctg_name, parent_id FROM category      []
[SQL_LOG:2023-03-26 11:35:35]: SELECT id, ctg_name, parent_id FROM category      []
[SQL_LOG:2023-03-26 11:35:43]: SELECT id, ctg_name, parent_id FROM category      []
[SQL_LOG:2023-03-26 11:42:39]: SELECT id, ctg_name, parent_id FROM category      []
[SQL_LOG:2023-03-26 11:44:15]: SELECT id, ctg_name, parent_id FROM category      []
[SQL_LOG:2023-03-26 11:45:23]: SELECT id, ctg_name, parent_id FROM category      []
[SQL_LOG:2023-03-26 11:47:46]: SELECT id, ctg_name, parent_id FROM category      []
[SQL_LOG:2023-03-26 11:47:47]: SELECT id, ctg_name, parent_id FROM category      []
[SQL_LOG:2023-03-26 11:48:12]: SELECT id, ctg_name, parent_id FROM category      []
[SQL_LOG:2023-03-26 11:49:51]: SELECT id, ctg_name, parent_id FROM category      []
[SQL_LOG:2023-03-26 11:51:17]: SELECT id, ctg_name, parent_id FROM category      []
[SQL_LOG:2023-03-26 11:52:33]: SELECT id, ctg_name, parent_id FROM category      []
[SQL_LOG:2023-03-30 17:46:02]: SELECT id, ctg_name, parent_id FROM category      []
[SQL_LOG:2023-03-30 17:54:03]: SELECT id, ctg_name, parent_id FROM category      []
[SQL_LOG:2023-03-30 17:54:34]: SELECT id, ctg_name, parent_id FROM category      []
[SQL_LOG:2023-03-30 17:54:38]: SELECT id, ctg_name, parent_id FROM category      []
[SQL_LOG:2023-03-30 17:55:01]: SELECT id, ctg_name, parent_id FROM category      []
[SQL_LOG:2023-03-30 17:55:44]: SELECT id, ctg_name, parent_id FROM category      []
[SQL_LOG:2023-03-30 17:59:28]: SELECT id, ctg_name, parent_id FROM category      []
[SQL_LOG:2023-03-30 17:59:44]: SELECT id, ctg_name, parent_id FROM category      []
[SQL_LOG:2023-03-30 18:00:18]: SELECT id, ctg_name, parent_id FROM category      []
[SQL_LOG:2023-03-30 18:00:37]: SELECT id, ctg_name, parent_id FROM category      []
[SQL_LOG:2023-03-30 18:09:02]: SELECT id, ctg_name, parent_id FROM category      []
[SQL_LOG:2023-03-30 18:13:04]: SELECT id, ctg_name, parent_id FROM category      []
[SQL_LOG:2023-03-30 18:13:05]: SELECT id, ctg_name, parent_id FROM category      []
[SQL_LOG:2023-03-30 18:16:12]: SELECT id, ctg_name, parent_id FROM category      []
[SQL_LOG:2023-03-30 18:16:13]: SELECT id, ctg_name, parent_id FROM category      []
[SQL_LOG:2023-03-30 18:16:52]: SELECT id, ctg_name, parent_id FROM category      []
[SQL_LOG:2023-03-30 18:16:55]: SELECT id, ctg_name, parent_id FROM category      []
[SQL_LOG:2023-03-30 18:19:17]: SELECT id, ctg_name, parent_id FROM category      []
[SQL_LOG:2023-03-30 18:19:21]: SELECT id, ctg_name, parent_id FROM category      []
[SQL_LOG:2023-03-30 18:19:24]: SELECT id, ctg_name, parent_id FROM category      []
[SQL_LOG:2023-03-30 18:22:30]: SELECT id, ctg_name, parent_id FROM category      []
[SQL_LOG:2023-03-30 18:22:53]: SELECT id, ctg_name, parent_id FROM category      []
[SQL_LOG:2023-03-30 18:28:36]: SELECT id, ctg_name, parent_id FROM category      []
[SQL_LOG:2023-03-30 18:28:36]: SELECT id, ctg_name, parent_id FROM category      []
[SQL_LOG:2023-03-30 18:29:45]: SELECT id, ctg_name, parent_id FROM category      []
[SQL_LOG:2023-03-30 18:29:52]: SELECT id, ctg_name, parent_id FROM category      []
[SQL_LOG:2023-03-30 18:29:52]:  INSERT INTO info (title,content,check_flg,id,user_id,image,create_at) VALUES (?,?,?,?,?,?,?)  [aaaaaaa,aaaaaaa,1,18,10,,2023/03/30 18:29:52]
[SQL_LOG:2023-03-30 18:45:22]: SELECT id, ctg_name, parent_id FROM category      []
[SQL_LOG:2023-03-30 18:45:22]:  INSERT INTO info (csrf_token,title,content,check_flg,id,image,create_at) VALUES (?,?,?,?,?,?,?)  [,aaaaaaa,aaaaaaa,1,18,,2023/03/30 18:45:22]
[SQL_LOG:2023-03-30 18:46:16]: SELECT id, ctg_name, parent_id FROM category      []
[SQL_LOG:2023-03-30 18:46:16]:  INSERT INTO info (csrf_token,title,content,check_flg,id,image,create_at) VALUES (?,?,?,?,?,?,?)  [,aaaaaaa,aaaaaaa,1,18,,2023/03/30 18:46:16]
[SQL_LOG:2023-03-30 18:46:59]: SELECT id, ctg_name, parent_id FROM category      []
[SQL_LOG:2023-03-30 18:48:57]: SELECT id, ctg_name, parent_id FROM category      []
[SQL_LOG:2023-03-30 18:48:58]: SELECT id, ctg_name, parent_id FROM category      []
[SQL_LOG:2023-03-30 18:49:42]: SELECT id, ctg_name, parent_id FROM category      []
[SQL_LOG:2023-03-30 18:49:42]:  INSERT INTO info (csrf_token,title,content,check_flg,id,image,create_at) VALUES (?,?,?,?,?,?,?)  [,aaaaaaa,aaaaaaa,1,18,upload_1680169748.jpeg,2023/03/30 18:49:42]
[SQL_LOG:2023-03-30 18:51:22]: SELECT id, ctg_name, parent_id FROM category      []
[SQL_LOG:2023-03-30 18:51:22]:  INSERT INTO info (csrf_token,title,content,check_flg,id,image,create_at) VALUES (?,?,?,?,?,?,?)  [,aaaaaaa,aaaaaaa,1,18,upload_1680169748.jpeg,2023/03/30 18:51:22]
[SQL_LOG:2023-03-30 18:51:47]: SELECT id, ctg_name, parent_id FROM category      []
[SQL_LOG:2023-03-30 18:51:47]:  INSERT INTO info (csrf_token,title,content,check_flg,id,image,create_at) VALUES (?,?,?,?,?,?,?)  [,aaaaaaa,aaaaaaa,1,18,upload_1680169902.jpeg,2023/03/30 18:51:47]
[SQL_LOG:2023-03-30 18:52:23]: SELECT id, ctg_name, parent_id FROM category      []
[SQL_LOG:2023-03-30 18:52:23]:  INSERT INTO info (csrf_token,title,content,check_flg,id,image,create_at) VALUES (?,?,?,?,?,?,?)  [,aaaaaaa,aaaaaaa,1,18,upload_1680169902.jpeg,2023/03/30 18:52:23]
[SQL_LOG:2023-03-30 18:53:48]: SELECT id, ctg_name, parent_id FROM category      []
[SQL_LOG:2023-03-30 18:53:50]: SELECT id, ctg_name, parent_id FROM category      []
[SQL_LOG:2023-03-30 18:54:15]: SELECT id, ctg_name, parent_id FROM category      []
[SQL_LOG:2023-03-30 18:54:31]: SELECT id, ctg_name, parent_id FROM category      []
[SQL_LOG:2023-03-30 18:56:05]: SELECT id, ctg_name, parent_id FROM category      []
[SQL_LOG:2023-03-30 18:56:07]: SELECT id, ctg_name, parent_id FROM category      []
[SQL_LOG:2023-03-30 18:56:17]: SELECT id, ctg_name, parent_id FROM category      []
[SQL_LOG:2023-03-30 19:05:19]: SELECT id, ctg_name, parent_id FROM category      []
[SQL_LOG:2023-03-30 19:05:59]: SELECT id, ctg_name, parent_id FROM category      []
[SQL_LOG:2023-03-30 19:06:40]: SELECT id, ctg_name, parent_id FROM category      []
[SQL_LOG:2023-03-30 19:06:41]: SELECT id, ctg_name, parent_id FROM category      []
[SQL_LOG:2023-03-30 19:06:55]: SELECT id, ctg_name, parent_id FROM category      []
[SQL_LOG:2023-03-30 19:07:19]: SELECT id, ctg_name, parent_id FROM category      []
[SQL_LOG:2023-03-30 19:07:39]: SELECT id, ctg_name, parent_id FROM category      []
[SQL_LOG:2023-03-30 19:08:11]: SELECT id, ctg_name, parent_id FROM category      []
[SQL_LOG:2023-03-30 19:08:13]: SELECT id, ctg_name, parent_id FROM category      []
[SQL_LOG:2023-03-30 19:08:25]: SELECT id, ctg_name, parent_id FROM category      []
[SQL_LOG:2023-03-30 19:09:13]: SELECT id, ctg_name, parent_id FROM category      []
[SQL_LOG:2023-03-30 19:09:18]: SELECT id, ctg_name, parent_id FROM category      []
[SQL_LOG:2023-03-30 19:09:57]: SELECT id, ctg_name, parent_id FROM category      []
[SQL_LOG:2023-03-30 19:10:15]: SELECT id, ctg_name, parent_id FROM category      []
[SQL_LOG:2023-03-30 19:12:07]: SELECT id, ctg_name, parent_id FROM category      []
[SQL_LOG:2023-03-30 19:12:08]: SELECT id, ctg_name, parent_id FROM category      []
[SQL_LOG:2023-03-30 19:12:17]: SELECT id, ctg_name, parent_id FROM category      []
[SQL_LOG:2023-03-31 19:28:14]: SELECT id, ctg_name, parent_id FROM category      []
[SQL_LOG:2023-03-31 19:28:24]: SELECT id, ctg_name, parent_id FROM category      []
[SQL_LOG:2023-03-31 19:28:41]: SELECT id, ctg_name, parent_id FROM category      []
[SQL_LOG:2023-03-31 19:28:56]: SELECT id, ctg_name, parent_id FROM category      []
[SQL_LOG:2023-03-31 19:29:06]: SELECT id, ctg_name, parent_id FROM category      []
[SQL_LOG:2023-03-31 19:30:45]: SELECT id, ctg_name, parent_id FROM category      []
[SQL_LOG:2023-03-31 19:30:58]: SELECT id, ctg_name, parent_id FROM category      []
[SQL_LOG:2023-03-31 19:31:55]: SELECT id, ctg_name, parent_id FROM category      []
[SQL_LOG:2023-03-31 19:32:18]: SELECT id, ctg_name, parent_id FROM category      []
[SQL_LOG:2023-03-31 19:32:49]: SELECT id, ctg_name, parent_id FROM category      []
[SQL_LOG:2023-03-31 19:33:06]: SELECT id, ctg_name, parent_id FROM category      []
[SQL_LOG:2023-03-31 19:35:18]: SELECT id, ctg_name, parent_id FROM category      []
[SQL_LOG:2023-03-31 19:35:48]: SELECT id, ctg_name, parent_id FROM category      []
[SQL_LOG:2023-03-31 19:36:00]: SELECT id, ctg_name, parent_id FROM category      []
[SQL_LOG:2023-03-31 19:37:51]: SELECT id, ctg_name, parent_id FROM category      []
[SQL_LOG:2023-03-31 19:46:37]: SELECT id, ctg_name, parent_id FROM category      []
[SQL_LOG:2023-03-31 19:46:59]: SELECT id, ctg_name, parent_id FROM category      []
[SQL_LOG:2023-03-31 19:47:09]: SELECT id, ctg_name, parent_id FROM category      []
[SQL_LOG:2023-03-31 19:47:42]: SELECT id, ctg_name, parent_id FROM category      []
[SQL_LOG:2023-03-31 19:47:47]: SELECT id, ctg_name, parent_id FROM category      []
[SQL_LOG:2023-03-31 19:48:03]: SELECT id, ctg_name, parent_id FROM category      []
[SQL_LOG:2023-03-31 19:52:10]: SELECT id, ctg_name, parent_id FROM category      []
[SQL_LOG:2023-03-31 19:52:47]: SELECT id, ctg_name, parent_id FROM category      []
[SQL_LOG:2023-03-31 19:53:54]: SELECT id, ctg_name, parent_id FROM category      []
[SQL_LOG:2023-03-31 19:54:16]: SELECT id, ctg_name, parent_id FROM category      []
[SQL_LOG:2023-03-31 19:56:45]: SELECT id, ctg_name, parent_id FROM category      []
[SQL_LOG:2023-03-31 20:00:13]: SELECT id, ctg_name, parent_id FROM category      []
[SQL_LOG:2023-03-31 20:00:25]: SELECT id, ctg_name, parent_id FROM category      []
[SQL_LOG:2023-03-31 20:06:51]: SELECT id, ctg_name, parent_id FROM category      []
[SQL_LOG:2023-03-31 20:07:02]: SELECT id, ctg_name, parent_id FROM category      []
[SQL_LOG:2023-03-31 20:07:16]: SELECT id, ctg_name, parent_id FROM category      []
[SQL_LOG:2023-03-31 20:07:37]: SELECT id, ctg_name, parent_id FROM category      []
[SQL_LOG:2023-03-31 20:07:57]: SELECT id, ctg_name, parent_id FROM category      []
[SQL_LOG:2023-03-31 20:09:45]: SELECT id, ctg_name, parent_id FROM category      []
[SQL_LOG:2023-03-31 20:09:45]: UPDATE  info SET title=?,content=?,check_flg=?,image=?,update_at=? WHERE  id = ?  [aaaaaaa,aaaaaaa,1,upload_1680260833.jpeg,2023/03/31 20:09:45,18]
[SQL_LOG:2023-03-31 20:09:45]:  INSERT INTO info_category (info_id,ctg_id) VALUES (?,?)  [0,1]
[SQL_LOG:2023-03-31 20:10:03]: SELECT id, ctg_name, parent_id FROM category      []
[SQL_LOG:2023-03-31 20:10:03]: UPDATE  info SET title=?,content=?,check_flg=?,image=?,update_at=? WHERE  id = ?  [aaaaaaa,aaaaaaa,1,upload_1680260833.jpeg,2023/03/31 20:10:03,18]
[SQL_LOG:2023-03-31 20:10:03]:  INSERT INTO info_category (info_id,ctg_id) VALUES (?,?)  [0,1]
[SQL_LOG:2023-03-31 20:13:20]: SELECT  i.id, i.title, i.create_at, user_id FROM  info i LEFT JOIN info_category ic ON i.id = ic.info_id LEFT JOIN category c ON ic.ctg_id = c.id  WHERE  ic.ctg_id = ?     [1]
[SQL_LOG:2023-03-31 20:13:22]: SELECT i.*, u.name FROM  info i LEFT JOIN user u ON i.user_id = u.id  WHERE  i.id = ?     [18]
[SQL_LOG:2023-03-31 20:13:28]: SELECT i.*, u.name FROM  info i LEFT JOIN user u ON i.user_id = u.id  WHERE  i.id = ?     [18]
[SQL_LOG:2023-03-31 20:13:28]: SELECT id, ctg_name, parent_id FROM category      []
[SQL_LOG:2023-03-31 20:14:10]: SELECT id, ctg_name, parent_id FROM category      []
[SQL_LOG:2023-03-31 20:14:10]: UPDATE  info SET title=?,content=?,check_flg=?,image=?,update_at=? WHERE  id = ?  [test,aaaaaaa,1,upload_1680261235.jpeg,2023/03/31 20:14:10,18]
[SQL_LOG:2023-03-31 20:14:10]:  INSERT INTO info_category (info_id,ctg_id) VALUES (?,?)  [0,1]
[SQL_LOG:2023-03-31 20:14:30]: SELECT  i.id, i.title, i.create_at, user_id FROM  info i LEFT JOIN info_category ic ON i.id = ic.info_id LEFT JOIN category c ON ic.ctg_id = c.id  WHERE  ic.ctg_id = ?     [1]
[SQL_LOG:2023-03-31 20:14:33]: SELECT i.*, u.name FROM  info i LEFT JOIN user u ON i.user_id = u.id  WHERE  i.id = ?     [18]
[SQL_LOG:2023-03-31 20:18:17]: SELECT  i.id, i.title, i.create_at, user_id FROM  info i LEFT JOIN info_category ic ON i.id = ic.info_id LEFT JOIN category c ON ic.ctg_id = c.id  WHERE  ic.ctg_id = ?     [1]
[SQL_LOG:2023-03-31 20:18:22]: SELECT i.*, u.name FROM  info i LEFT JOIN user u ON i.user_id = u.id  WHERE  i.id = ?     [18]
[SQL_LOG:2023-03-31 20:18:25]: SELECT i.*, u.name FROM  info i LEFT JOIN user u ON i.user_id = u.id  WHERE  i.id = ?     [18]
[SQL_LOG:2023-03-31 20:18:25]: SELECT id, ctg_name, parent_id FROM category      []
[SQL_LOG:2023-03-31 20:30:32]: SELECT i.*, u.name FROM  info i LEFT JOIN user u ON i.user_id = u.id  WHERE  i.id = ?     [18]
[SQL_LOG:2023-03-31 20:30:34]: SELECT i.*, u.name FROM  info i LEFT JOIN user u ON i.user_id = u.id  WHERE  i.id = ?     [18]
[SQL_LOG:2023-03-31 20:30:34]: SELECT id, ctg_name, parent_id FROM category      []
[SQL_LOG:2023-03-31 20:30:54]: SELECT id, ctg_name, parent_id FROM category      []
[SQL_LOG:2023-03-31 20:30:54]: UPDATE  info SET title=?,content=?,check_flg=?,image=?,update_at=? WHERE  id = ?  [test,test,1,upload_1680262250.jpeg,2023/03/31 20:30:54,18]
[SQL_LOG:2023-03-31 20:30:54]: UPDATE  info_category SET 0=? WHERE  info_id = ?  [18]
[SQL_LOG:2023-03-31 20:31:27]: SELECT id, ctg_name, parent_id FROM category      []
[SQL_LOG:2023-03-31 20:31:27]: UPDATE  info SET title=?,content=?,check_flg=?,image=?,update_at=? WHERE  id = ?  [test,test,1,upload_1680262250.jpeg,2023/03/31 20:31:27,18]
[SQL_LOG:2023-03-31 20:31:27]: UPDATE  info_category SET 0=? WHERE  info_id = ?  [18]
[SQL_LOG:2023-03-31 20:33:28]: SELECT i.*, u.name FROM  info i LEFT JOIN user u ON i.user_id = u.id  WHERE  i.id = ?     [18]
[SQL_LOG:2023-03-31 20:33:28]: SELECT id, ctg_name, parent_id FROM category      []
[SQL_LOG:2023-03-31 20:33:29]: SELECT i.*, u.name FROM  info i LEFT JOIN user u ON i.user_id = u.id  WHERE  i.id = ?     [18]
[SQL_LOG:2023-03-31 20:33:29]: SELECT id, ctg_name, parent_id FROM category      []
[SQL_LOG:2023-03-31 20:33:41]: SELECT id, ctg_name, parent_id FROM category      []
[SQL_LOG:2023-03-31 20:33:41]: UPDATE  info SET title=?,content=?,check_flg=?,image=?,update_at=? WHERE  id = ?  [test,test,1,upload_1680262419.jpeg,2023/03/31 20:33:41,18]
[SQL_LOG:2023-03-31 20:33:41]: DELETE FROM  info_category WHERE  info_id = ?  [18]
[SQL_LOG:2023-03-31 20:33:41]:  INSERT INTO info_category (info_id,ctg_id) VALUES (?,?)  [0,1]
[SQL_LOG:2023-03-31 20:34:41]: SELECT  i.id, i.title, i.create_at, user_id FROM  info i LEFT JOIN info_category ic ON i.id = ic.info_id LEFT JOIN category c ON ic.ctg_id = c.id  WHERE  ic.ctg_id = ?     [1]
[SQL_LOG:2023-03-31 20:34:44]: SELECT  i.id, i.title, i.create_at, user_id FROM  info i LEFT JOIN info_category ic ON i.id = ic.info_id LEFT JOIN category c ON ic.ctg_id = c.id  WHERE  ic.ctg_id = ?     [2]
[SQL_LOG:2023-03-31 20:34:46]: SELECT  i.id, i.title, i.create_at, user_id FROM  info i LEFT JOIN info_category ic ON i.id = ic.info_id LEFT JOIN category c ON ic.ctg_id = c.id  WHERE  ic.ctg_id = ?     [1]
[SQL_LOG:2023-03-31 20:34:49]: SELECT  i.id, i.title, i.create_at, user_id FROM  info i LEFT JOIN info_category ic ON i.id = ic.info_id LEFT JOIN category c ON ic.ctg_id = c.id  WHERE  ic.ctg_id = ?     [3]
[SQL_LOG:2023-03-31 20:34:53]: SELECT  i.id, i.title, i.create_at, user_id FROM  info i LEFT JOIN info_category ic ON i.id = ic.info_id LEFT JOIN category c ON ic.ctg_id = c.id  WHERE  ic.ctg_id = ?     [4]
[SQL_LOG:2023-03-31 20:38:30]: SELECT id, ctg_name, parent_id FROM category      []
[SQL_LOG:2023-03-31 20:38:30]: UPDATE  info SET title=?,content=?,check_flg=?,image=?,update_at=? WHERE  id = ?  [test,test,1,upload_1680262419.jpeg,2023/03/31 20:38:30,18]
[SQL_LOG:2023-03-31 20:38:30]: DELETE FROM  info_category WHERE  info_id = ?  [18]
[SQL_LOG:2023-03-31 20:38:30]:  INSERT INTO info_category (info_id,ctg_id) VALUES (?,?)  [0,1]
[SQL_LOG:2023-03-31 20:42:02]: SELECT  i.id, i.title, i.create_at, user_id FROM  info i LEFT JOIN info_category ic ON i.id = ic.info_id LEFT JOIN category c ON ic.ctg_id = c.id  WHERE  ic.ctg_id = ?     [1]
[SQL_LOG:2023-03-31 20:42:03]: SELECT i.*, u.name FROM  info i LEFT JOIN user u ON i.user_id = u.id  WHERE  i.id = ?     [18]
[SQL_LOG:2023-03-31 20:42:07]: SELECT i.*, u.name FROM  info i LEFT JOIN user u ON i.user_id = u.id  WHERE  i.id = ?     [18]
[SQL_LOG:2023-03-31 20:42:07]: SELECT id, ctg_name, parent_id FROM category      []
[SQL_LOG:2023-03-31 20:42:17]: SELECT id, ctg_name, parent_id FROM category      []
[SQL_LOG:2023-03-31 20:42:17]: UPDATE  info SET title=?,content=?,check_flg=?,image=?,update_at=? WHERE  id = ?  [test,test,1,upload_1680262934.jpeg,2023/03/31 20:42:17,18]
[SQL_LOG:2023-03-31 20:42:17]:  INSERT INTO info_category (info_id,ctg_id) VALUES (?,?)  [0,1]
[SQL_LOG:2023-03-31 20:45:29]: SELECT  i.id, i.title, i.create_at, user_id FROM  info i LEFT JOIN info_category ic ON i.id = ic.info_id LEFT JOIN category c ON ic.ctg_id = c.id  WHERE  ic.ctg_id = ?     [1]
[SQL_LOG:2023-03-31 20:45:30]: SELECT i.*, u.name FROM  info i LEFT JOIN user u ON i.user_id = u.id  WHERE  i.id = ?     [18]
[SQL_LOG:2023-03-31 20:45:32]: SELECT i.*, u.name FROM  info i LEFT JOIN user u ON i.user_id = u.id  WHERE  i.id = ?     [18]
[SQL_LOG:2023-03-31 20:45:32]: SELECT id, ctg_name, parent_id FROM category      []
[SQL_LOG:2023-03-31 21:20:14]: SELECT i.*, u.name FROM  info i LEFT JOIN user u ON i.user_id = u.id  WHERE  i.id = ?     [18]
[SQL_LOG:2023-03-31 21:20:14]: SELECT id, ctg_name, parent_id FROM category      []
[SQL_LOG:2023-03-31 21:20:30]: SELECT id, ctg_name, parent_id FROM category      []
[SQL_LOG:2023-03-31 21:20:30]: UPDATE  info SET title=?,content=?,check_flg=?,image=?,update_at=? WHERE  id = ?  [test,test,1,upload_1680265228.jpeg,2023/03/31 21:20:30,18]
[SQL_LOG:2023-03-31 21:20:30]: DELETE FROM  info_category WHERE  info_id = ?  [18]
[SQL_LOG:2023-03-31 21:20:30]:  INSERT INTO info_category (info_id) VALUES (?)  [18]
[SQL_LOG:2023-03-31 21:21:47]: SELECT id, ctg_name, parent_id FROM category      []
[SQL_LOG:2023-03-31 21:21:47]: UPDATE  info SET title=?,content=?,check_flg=?,image=?,update_at=? WHERE  id = ?  [test,test,1,upload_1680265228.jpeg,2023/03/31 21:21:47,18]
[SQL_LOG:2023-03-31 21:21:47]: DELETE FROM  info_category WHERE  info_id = ?  [18]
[SQL_LOG:2023-03-31 21:21:47]:  INSERT INTO info_category (info_id) VALUES (?)  [18]
[SQL_LOG:2023-03-31 21:22:11]: SELECT id, ctg_name, parent_id FROM category      []
[SQL_LOG:2023-03-31 21:22:11]: UPDATE  info SET title=?,content=?,check_flg=?,image=?,update_at=? WHERE  id = ?  [test,test,1,upload_1680265228.jpeg,2023/03/31 21:22:11,18]
[SQL_LOG:2023-03-31 21:22:11]: DELETE FROM  info_category WHERE  info_id = ?  [18]
[SQL_LOG:2023-03-31 21:22:11]:  INSERT INTO info_category (info_id) VALUES (?)  [18]
[SQL_LOG:2023-03-31 21:23:27]: SELECT id, ctg_name, parent_id FROM category      []
[SQL_LOG:2023-03-31 21:23:27]: UPDATE  info SET title=?,content=?,check_flg=?,image=?,update_at=? WHERE  id = ?  [test,test,1,upload_1680265228.jpeg,2023/03/31 21:23:27,18]
[SQL_LOG:2023-03-31 21:23:27]: DELETE FROM  info_category WHERE  info_id = ?  [18]
[SQL_LOG:2023-03-31 21:23:27]:  INSERT INTO info_category (info_id,ctg_id) VALUES (?,?)  [18,1]
[SQL_LOG:2023-03-31 21:26:09]: SELECT id, ctg_name, parent_id FROM category      []
[SQL_LOG:2023-03-31 21:26:09]: UPDATE  info SET title=?,content=?,check_flg=?,image=?,update_at=? WHERE  id = ?  [test,test,1,upload_1680265228.jpeg,2023/03/31 21:26:09,18]
[SQL_LOG:2023-03-31 21:26:09]: DELETE FROM  info_category WHERE  info_id = ?  [18]
[SQL_LOG:2023-03-31 21:26:09]:  INSERT INTO info_category (info_id,ctg_id) VALUES (?,?)  [18,1]
[SQL_LOG:2023-03-31 21:26:30]: SELECT id, ctg_name, parent_id FROM category      []
[SQL_LOG:2023-03-31 21:26:54]: SELECT id, ctg_name, parent_id FROM category      []
[SQL_LOG:2023-03-31 21:26:54]:  INSERT INTO info (title,content,check_flg,image,create_at) VALUES (?,?,?,?,?)  [test2,test2,1,upload_1680265608.jpeg,2023/03/31 21:26:54]
[SQL_LOG:2023-03-31 21:27:52]: SELECT id, ctg_name, parent_id FROM category      []
[SQL_LOG:2023-03-31 21:27:52]:  INSERT INTO info (title,content,check_flg,image,create_at) VALUES (?,?,?,?,?)  [test2,test2,1,upload_1680265608.jpeg,2023/03/31 21:27:52]
[SQL_LOG:2023-03-31 21:28:00]: SELECT id, ctg_name, parent_id FROM category      []
[SQL_LOG:2023-03-31 21:28:00]:  INSERT INTO info (title,content,check_flg,image,create_at) VALUES (?,?,?,?,?)  [test2,test2,1,upload_1680265608.jpeg,2023/03/31 21:28:00]
[SQL_LOG:2023-03-31 21:33:49]: SELECT i.*, u.name FROM  info i LEFT JOIN user u ON i.user_id = u.id  WHERE  i.id = ?     []
[SQL_LOG:2023-03-31 21:33:49]: SELECT id, ctg_name, parent_id FROM category      []
[SQL_LOG:2023-03-31 21:33:49]:  INSERT INTO info (title,content,check_flg,image,create_at) VALUES (?,?,?,?,?)  [test2,test2,1,upload_1680266028.jpeg,2023/03/31 21:33:49]
[SQL_LOG:2023-03-31 21:40:03]: SELECT id, ctg_name, parent_id FROM category      []
[SQL_LOG:2023-03-31 21:40:03]:  INSERT INTO info (title,content,check_flg,image,create_at) VALUES (?,?,?,?,?)  [test2,test2,1,upload_1680266028.jpeg,2023/03/31 21:40:03]
[SQL_LOG:2023-03-31 21:40:25]: SELECT id, ctg_name, parent_id FROM category      []
[SQL_LOG:2023-03-31 21:40:25]:  INSERT INTO info_category (info_id,ctg_id) VALUES (?,?)  [0,4]
[SQL_LOG:2023-03-31 21:43:13]: SELECT id, ctg_name, parent_id FROM category      []
[SQL_LOG:2023-03-31 21:43:13]: SELECT id, ctg_name, parent_id FROM category      []
[SQL_LOG:2023-03-31 21:43:18]: SELECT id, ctg_name, parent_id FROM category      []
[SQL_LOG:2023-03-31 21:43:40]: SELECT id, ctg_name, parent_id FROM category      []
[SQL_LOG:2023-03-31 21:43:40]:  INSERT INTO info (title,content,check_flg,image,create_at,user_id) VALUES (?,?,?,?,?,?)  [test3,test3,1,upload_1680266619.jpeg,2023/03/31 21:43:40,10]
[SQL_LOG:2023-03-31 21:43:40]: SELECT i.*, u.name FROM  info i LEFT JOIN user u ON i.user_id = u.id  WHERE  i.id = ?     []
[SQL_LOG:2023-03-31 21:43:40]:  INSERT INTO info_category (info_id,ctg_id) VALUES (?,?)  [19,4]
[SQL_LOG:2023-03-31 21:45:28]: SELECT  i.id, i.title, i.create_at, user_id FROM  info i LEFT JOIN info_category ic ON i.id = ic.info_id LEFT JOIN category c ON ic.ctg_id = c.id  WHERE  ic.ctg_id = ?     [1]
[SQL_LOG:2023-03-31 21:45:31]: SELECT i.*, u.name FROM  info i LEFT JOIN user u ON i.user_id = u.id  WHERE  i.id = ?     [18]
