[SQL_LOG:2023-03-20 12:50:33]: SELECT id, ctg_name, parent_id FROM category      []
[SQL_LOG:2023-03-20 12:53:05]: SELECT id, ctg_name, parent_id FROM category      []
[SQL_LOG:2023-03-20 13:27:23]: SELECT id, ctg_name, parent_id FROM category      []
[SQL_LOG:2023-03-20 13:27:25]: SELECT id, ctg_name, parent_id FROM category      []
[SQL_LOG:2023-03-20 13:28:04]: SELECT id, ctg_name, parent_id FROM category      []
[SQL_LOG:2023-03-20 13:28:50]: SELECT id, ctg_name, parent_id FROM category      []
[SQL_LOG:2023-03-20 13:29:03]: SELECT id, ctg_name, parent_id FROM category      []
[SQL_LOG:2023-03-24 07:21:27]: SELECT id, ctg_name, parent_id FROM category      []
[SQL_LOG:2023-03-25 16:35:15]: SELECT id, ctg_name, parent_id FROM category      []
[SQL_LOG:2023-03-25 17:14:14]: SELECT id, ctg_name, parent_id FROM category      []
[SQL_LOG:2023-03-25 17:15:25]: SELECT id, ctg_name, parent_id FROM category      []
[SQL_LOG:2023-03-25 17:23:53]: SELECT id, ctg_name, parent_id FROM category      []
[SQL_LOG:2023-03-25 17:25:17]: SELECT id, ctg_name, parent_id FROM category      []
[SQL_LOG:2023-03-25 20:40:58]: SELECT id, ctg_name, parent_id FROM category      []
[SQL_LOG:2023-03-25 20:41:12]:  INSERT INTO info_category (info_id,ctg_id) VALUES (?,?)  [0,1]
[SQL_LOG:2023-03-25 20:51:31]:  INSERT INTO info_category (info_id,ctg_id) VALUES (?,?)  [0,1]
[SQL_LOG:2023-03-25 20:54:25]:  INSERT INTO info_category (info_id,ctg_id) VALUES (?,?)  [0,1]
[SQL_LOG:2023-03-25 20:59:00]:  INSERT INTO info_category (info_id,ctg_id) VALUES (?,?)  [0,1]
[SQL_LOG:2023-03-25 21:00:06]:  INSERT INTO info_category (info_id,ctg_id) VALUES (?,?)  [18,1]
[SQL_LOG:2023-03-25 21:00:30]: SELECT id, ctg_name, parent_id FROM category      []
[SQL_LOG:2023-03-25 21:30:54]: SELECT id, ctg_name, parent_id FROM category      []
[SQL_LOG:2023-03-25 21:30:55]: SELECT id, ctg_name, parent_id FROM category      []
[SQL_LOG:2023-03-25 21:31:07]: SELECT id, ctg_name, parent_id FROM category      []
[SQL_LOG:2023-03-25 21:33:11]: SELECT id, ctg_name, parent_id FROM category      []
[SQL_LOG:2023-03-25 21:37:15]: SELECT  i.id, i.title, i.creat_at, user_id FROM  info i LEFT JOIN info_category ic ON i.id = ic.info_id LEFT JOIN category c ON i.ctg_id = c.id  WHERE  i.ctg_id = ?     [1]
[SQL_LOG:2023-03-25 21:37:51]: SELECT  i.id, i.title, i.create_at, user_id FROM  info i LEFT JOIN info_category ic ON i.id = ic.info_id LEFT JOIN category c ON i.ctg_id = c.id  WHERE  i.ctg_id = ?     [1]
[SQL_LOG:2023-03-25 21:43:28]: SELECT  i.id, i.title, i.create_at, user_id FROM  info i LEFT JOIN info_category ic ON i.id = ic.info_id LEFT JOIN category c ON ic.ctg_id = c.id  WHERE  ic.ctg_id = ?     [1]
[SQL_LOG:2023-03-25 21:43:37]: SELECT  i.id, i.title, i.create_at, user_id FROM  info i LEFT JOIN info_category ic ON i.id = ic.info_id LEFT JOIN category c ON ic.ctg_id = c.id  WHERE  ic.ctg_id = ?     [1]
[SQL_LOG:2023-03-25 21:43:50]: SELECT  i.id, i.title, i.create_at, user_id FROM  info i LEFT JOIN info_category ic ON i.id = ic.info_id LEFT JOIN category c ON ic.ctg_id = c.id  WHERE  ic.ctg_id = ?     [1]
[SQL_LOG:2023-03-25 21:45:22]: SELECT  i.id, i.title, i.create_at, user_id FROM  info i LEFT JOIN info_category ic ON i.id = ic.info_id LEFT JOIN category c ON ic.ctg_id = c.id  WHERE  ic.ctg_id = ?     [1]
[SQL_LOG:2023-03-25 21:45:39]: SELECT  i.id, i.title, i.create_at, user_id FROM  info i LEFT JOIN info_category ic ON i.id = ic.info_id LEFT JOIN category c ON ic.ctg_id = c.id  WHERE  ic.ctg_id = ?     [1]
[SQL_LOG:2023-03-25 21:46:01]: SELECT  i.id, i.title, i.create_at, user_id FROM  info i LEFT JOIN info_category ic ON i.id = ic.info_id LEFT JOIN category c ON ic.ctg_id = c.id  WHERE  ic.ctg_id = ?     [1]
[SQL_LOG:2023-03-25 21:46:38]: SELECT  i.id, i.title, i.create_at, user_id FROM  info i LEFT JOIN info_category ic ON i.id = ic.info_id LEFT JOIN category c ON ic.ctg_id = c.id  WHERE  ic.ctg_id = ?     [1]
[SQL_LOG:2023-03-25 21:48:12]: SELECT  i.id, i.title, i.create_at, user_id FROM  info i LEFT JOIN info_category ic ON i.id = ic.info_id LEFT JOIN category c ON ic.ctg_id = c.id  WHERE  ic.ctg_id = ?     [1]
[SQL_LOG:2023-03-25 21:48:37]: SELECT  i.id, i.title, i.create_at, user_id FROM  info i LEFT JOIN info_category ic ON i.id = ic.info_id LEFT JOIN category c ON ic.ctg_id = c.id  WHERE  ic.ctg_id = ?     [1]
[SQL_LOG:2023-03-25 21:51:47]: SELECT  i.id, i.title, i.create_at, user_id FROM  info i LEFT JOIN info_category ic ON i.id = ic.info_id LEFT JOIN category c ON ic.ctg_id = c.id  WHERE  ic.ctg_id = ?     [1]
[SQL_LOG:2023-03-25 21:58:07]: SELECT  i.id, i.title, i.create_at, user_id FROM  info i LEFT JOIN info_category ic ON i.id = ic.info_id LEFT JOIN category c ON ic.ctg_id = c.id  WHERE  ic.ctg_id = ?     [1]
[SQL_LOG:2023-03-25 22:00:01]: SELECT  i.id, i.title, i.create_at, user_id FROM  info i LEFT JOIN info_category ic ON i.id = ic.info_id LEFT JOIN category c ON ic.ctg_id = c.id  WHERE  ic.ctg_id = ?     [1]
[SQL_LOG:2023-03-25 22:12:27]: SELECT  i.user_id, i.name FROM  info i LEFT JOIN user u ON i.user_id = u.id  WHERE  i.user_id = ?     []
[SQL_LOG:2023-03-25 22:12:45]: SELECT  i.user_id, i.name FROM  info i LEFT JOIN user u ON i.user_id = u.id  WHERE  i.user_id = ?     []
[SQL_LOG:2023-03-25 22:13:43]: SELECT  i.user_id, i.name FROM  info i LEFT JOIN user u ON i.user_id = u.id  WHERE  i.user_id = ?     []
[SQL_LOG:2023-03-25 22:13:48]: SELECT  i.user_id, i.name FROM  info i LEFT JOIN user u ON i.user_id = u.id  WHERE  i.user_id = ?     []
[SQL_LOG:2023-03-25 22:14:31]: SELECT  i.user_id, i.name FROM  info i LEFT JOIN user u ON i.user_id = u.id  WHERE  i.user_id = ?     []
[SQL_LOG:2023-03-25 22:14:40]: SELECT  i.user_id, i.name FROM  info i LEFT JOIN user u ON i.user_id = u.id  WHERE  i.user_id = ?     [10]
[SQL_LOG:2023-03-25 22:15:41]: SELECT  i.user_id, u.name FROM  info i LEFT JOIN user u ON i.user_id = u.id  WHERE  i.user_id = ?     [10]
[SQL_LOG:2023-03-25 22:18:01]: SELECT * FROM  info i LEFT JOIN user u ON i.user_id = u.id  WHERE  i.user_id = ?     [10]
[SQL_LOG:2023-03-25 22:19:20]: SELECT * FROM  info i LEFT JOIN user u ON i.user_id = u.id  WHERE  i.user_id = ?     []
[SQL_LOG:2023-03-25 22:19:37]: SELECT * FROM  info i LEFT JOIN user u ON i.user_id = u.id  WHERE  i.user_id = ?     []
[SQL_LOG:2023-03-25 22:19:59]: SELECT * FROM  info i LEFT JOIN user u ON i.user_id = u.id  WHERE  i.user_id = ?     []
[SQL_LOG:2023-03-25 22:21:09]: SELECT  i.id, i.title, i.create_at, user_id FROM  info i LEFT JOIN info_category ic ON i.id = ic.info_id LEFT JOIN category c ON ic.ctg_id = c.id  WHERE  ic.ctg_id = ?     [1]
[SQL_LOG:2023-03-25 22:21:11]: SELECT * FROM  info i LEFT JOIN user u ON i.user_id = u.id  WHERE  i.user_id = ?     [18]
[SQL_LOG:2023-03-25 22:23:05]: SELECT * FROM  info i LEFT JOIN user u ON i.user_id = u.id  WHERE  i.info_id = ?     [18]
[SQL_LOG:2023-03-25 22:23:16]: SELECT * FROM  info i LEFT JOIN user u ON i.user_id = u.id  WHERE  i.id = ?     [18]
[SQL_LOG:2023-03-25 22:24:39]: SELECT * FROM  info i LEFT JOIN user u ON i.user_id = u.id  WHERE  i.id = ?     [18]
[SQL_LOG:2023-03-25 22:24:58]: SELECT * FROM  info i LEFT JOIN user u ON i.user_id = u.id  WHERE  i.id = ?     [18]
[SQL_LOG:2023-03-25 22:25:21]: SELECT * FROM  info i LEFT JOIN user u ON i.user_id = u.id  WHERE  i.id = ?     [18]
[SQL_LOG:2023-03-25 22:26:51]: SELECT * FROM  info i LEFT JOIN user u ON i.user_id = u.id  WHERE  i.id = ?     [18]
[SQL_LOG:2023-03-25 22:28:58]: SELECT * FROM  info i LEFT JOIN user u ON i.user_id = u.id  WHERE  i.id = ?     [18]
[SQL_LOG:2023-03-25 22:29:12]: SELECT * FROM  info i LEFT JOIN user u ON i.user_id = u.id  WHERE  i.id = ?     [18]
[SQL_LOG:2023-03-25 22:29:27]: SELECT  i.id, i.title, i.create_at, user_id FROM  info i LEFT JOIN info_category ic ON i.id = ic.info_id LEFT JOIN category c ON ic.ctg_id = c.id  WHERE  ic.ctg_id = ?     [1]
[SQL_LOG:2023-03-25 22:29:31]: SELECT * FROM  info i LEFT JOIN user u ON i.user_id = u.id  WHERE  i.id = ?     [18]
[SQL_LOG:2023-03-25 22:30:34]: SELECT * FROM  info i LEFT JOIN user u ON i.user_id = u.id  WHERE  i.id = ?     [18]
[SQL_LOG:2023-03-25 22:30:35]: SELECT * FROM  info i LEFT JOIN user u ON i.user_id = u.id  WHERE  i.id = ?     [18]
[SQL_LOG:2023-03-25 22:31:00]: SELECT * FROM  info i LEFT JOIN user u ON i.user_id = u.id  WHERE  i.id = ?     [18]
[SQL_LOG:2023-03-25 22:31:33]: SELECT * FROM  info i LEFT JOIN user u ON i.user_id = u.id  WHERE  i.id = ?     [18]
[SQL_LOG:2023-03-25 22:31:43]: SELECT * FROM  info i LEFT JOIN user u ON i.user_id = u.id  WHERE  i.id = ?     [18]
[SQL_LOG:2023-03-25 22:31:46]: SELECT  i.id, i.title, i.create_at, user_id FROM  info i LEFT JOIN info_category ic ON i.id = ic.info_id LEFT JOIN category c ON ic.ctg_id = c.id  WHERE  ic.ctg_id = ?     []
[SQL_LOG:2023-03-25 22:32:37]: SELECT * FROM  info i LEFT JOIN user u ON i.user_id = u.id  WHERE  i.id = ?     [18]
[SQL_LOG:2023-03-25 22:33:11]: SELECT * FROM  info i LEFT JOIN user u ON i.user_id = u.id  WHERE  i.id = ?     [18]
[SQL_LOG:2023-03-25 22:33:25]: SELECT id, ctg_name, parent_id FROM category      []
