[SQL_LOG:2023-03-03 15:48:38]:  INSERT INTO user (name,email,pass) VALUES (?,?,?)  [aaaa,aaa@hoge.com,$2y$10$6pEV5IlI0LIX416daw.n1ubHBtJ71Rn6aLNcTrXErQU.5eIot50Ra]
[SQL_LOG:2023-03-03 15:49:11]:  INSERT INTO user (name,email,pass) VALUES (?,?,?)  [test,aaa@hoge.com,$2y$10$5dA8ktJjoFOSdue3aKGAiOxg6vS76gBj.mW1eF4l46u8.uJ1yOZo6]
[SQL_LOG:2023-03-03 15:51:23]:  INSERT INTO user (name,email,pass) VALUES (?,?,?)  [test,aaa@hoge.com,$2y$10$GGPa5lysVOeYSxdsN6Aepep4pSV7tbDozCMinBHg8jvtK5s5ufeDu]
[SQL_LOG:2023-03-03 15:52:22]:  INSERT INTO user (name,email,pass) VALUES (?,?,?)  [test,aaa@hoge.com,$2y$10$LYKLeeQyvNC1/e.XBenYAej9mqKThuyFQ.raRdw0v9MIQucBe7cEG]
[SQL_LOG:2023-03-03 15:56:32]:  INSERT INTO user (name,email,pass) VALUES (?,?,?)  [test,aaa@hoge.com,$2y$10$llJ73qEf6aOUmSJ0BmIH0.6ua00yJvTpQ6nEOJgCYwJNO3ZowtOhC]
[SQL_LOG:2023-03-03 16:02:48]:  SELECT * FROM user    []
[SQL_LOG:2023-03-03 16:02:48]:  INSERT INTO user (name,email,pass) VALUES (?,?,?)  [test,aaa@hoge.com,$2y$10$ASa/nDcau.kNLWdwAB8isOeJFtpL02sEHmg85RZ2jvtJ.7XqFAPSO]
[SQL_LOG:2023-03-03 16:03:13]:  SELECT * FROM user    []
[SQL_LOG:2023-03-03 16:03:13]:  INSERT INTO user (name,email,pass) VALUES (?,?,?)  [test,aaa@hoge.com,$2y$10$7rbp6cUWwMVBkIudvg03U.cjDp.a1SOzpgV8DJ.qWmVXFlOgRh/5i]
[SQL_LOG:2023-03-03 16:05:04]:  INSERT INTO user (name,email,pass) VALUES (?,?,?)  [test,aaa@hoge.com,$2y$10$nb5EmC6gN8qEPaZuIxSZjOkcViM8y7Oqw1mcfpKvdBOwgsEnrFmtK]
[SQL_LOG:2023-03-03 16:05:29]:  INSERT INTO user (name,email,pass) VALUES (?,?,?)  [test,aaa@hoge.com,$2y$10$foF2O05jx1ps5.qp7QEE9eGkXPWknaK1ZC2v6GCxxqGIS.Q9JR34q]
[SQL_LOG:2023-03-03 16:06:08]:  INSERT INTO user (name,email,pass) VALUES (?,?,?)  [test,aaa@hoge.com,$2y$10$qVyrpfFcAL6.zedfe7PvT.P7PsPJeqm2Z20Vn39N.vPWKvT1s1aYq]
[SQL_LOG:2023-03-03 16:06:39]:  INSERT INTO user (name,email,pass) VALUES (?,?,?)  [test,aaa@hoge.com,$2y$10$DAQZl9zqgi/Ua1WJhtyr9.H6GLBS/6nvlGH3dKgNyIXs6HRP6kyaW]
[SQL_LOG:2023-03-03 16:07:19]:  INSERT INTO user (name,email,pass) VALUES (?,?,?)  [test,aaa@hoge.com,$2y$10$fPIJ/744JnmGL32.EIm.MO7GdO0V8XUDBK5sM4rrkEHfaH/BQy6pS]
[SQL_LOG:2023-03-03 16:09:32]:  INSERT INTO  user (name,email,pass) VALUES (?,?,?)  [test,aaa@hoge.com,$2y$10$VzpSUdFyxIZwZNVy5YHpxO9fLk0Foceng.3z3Qw0aD6Rc3aau5kMq]
[SQL_LOG:2023-03-03 16:09:50]:  INSERT INTO  user (name,email,pass) VALUES (?,?,?)  [test,aaa@hoge.com,$2y$10$TytawmqtxuOwDgfQfa5L.earO08WAgR5XzpX.YiICYL5i0tOUcNU6]
[SQL_LOG:2023-03-03 16:13:07]:  INSERT INTO user (name,email,pass) VALUES (?,?,?)  [test,aaa@hoge.com,$2y$10$ecWMEGVp/LFlaw95OvwNf.p9VSeARViDwB5OEozWUlXGdrwqMoOc6]
[SQL_LOG:2023-03-03 16:15:06]:  INSERT INTO user (name,email,pass) VALUES (?,?,?)  [test,aaa@hoge.com,$2y$10$iK96cXk.gs6pSteXS.VE1eSUpNCYabvddOuCdybd7fBDcIR4xPDDC]
[SQL_LOG:2023-03-03 16:15:38]:  INSERT INTO user (name,email,pass) VALUES (?,?,?)  [test,aaa@hoge.com,$2y$10$khEG47Z8TYFbzrLyrZY9We8fFF3e6yb/hh5PN4dKei99baqhSdt.y]
[SQL_LOG:2023-03-03 16:16:01]:  INSERT INTO user (name,email,pass) VALUES (?,?,?)  [test,aaa@hoge.com,$2y$10$4eT8sQeSn9Tkw3y0heizh.KwuJOBFggHfm6lHDd6xNEp3PCKKb8o6]
[SQL_LOG:2023-03-03 16:23:15]:  INSERT INTO user (name,email,pass) VALUES (?,?,?)  [test,aaa@hoge.com,$2y$10$eg782uVVic8685jil9AmsOXmVFuZeBvCjj9B4yGuCA7yQU645Lwqa]
[SQL_LOG:2023-03-03 16:32:42]:  INSERT INTO user (name,email,pass) VALUES (?,?,?)  [test,aaa@hoge.com,$2y$10$pLog5e8LMQdTmsF6QUewyO40FNe51fsWlgL4BvEoYLnr/IEMvPc4O]
[SQL_LOG:2023-03-03 16:33:41]:  INSERT INTO user (name,email,pass,regist_at) VALUES (?,?,?,?)  [test,aaa@hoge.com,$2y$10$O/A.64TurwdBjZBZI2J/7uHigf3MRXEJ9NagasKBkzJS4VmtOY/bK,2023-03-03 16:33:41]
[SQL_LOG:2023-03-03 16:33:59]:  INSERT INTO user (name,email,pass,regist_at) VALUES (?,?,?,?)  [test,aaa@hoge.com,$2y$10$Qad3tD9ulNd1NVr2hbM9me1V7V0XuyxhDEMW34KtM7ignti0nxGDK,2023-03-03 16:33:59]
[SQL_LOG:2023-03-03 16:34:31]:  INSERT INTO user (name,email,pass,regist_at) VALUES (?,?,?,?)  [test,aaa@hoge.com,$2y$10$50jaj0fqAcIq11D4Kwz0/OwEN/UhXyNwgCmu8Dk0T7qtQa.ihrOyO,2023-03-03 16:34:31]
[SQL_LOG:2023-03-03 16:34:45]:  INSERT INTO user (name,email,pass,regist_at) VALUES (?,?,?,?)  [test,aaa@hoge.com,$2y$10$IbzYgQRcSOvfF0fNotGGcuMn82Qft1skeuZXUle/cTeOdcY3fwN4i,2023-03-03 16:34:45]
[SQL_LOG:2023-03-03 16:35:20]:  INSERT INTO user (name,email,pass,regist_at) VALUES (?,?,?,?)  [test,aaa@hoge.com,$2y$10$sXEOle7eRMeZ46.tbIPmru21R6Y9LF5.TazlrBxlxc/57J6Ik0xGG,2023-03-03 16:35:20]
[SQL_LOG:2023-03-03 16:36:26]:  INSERT INTO user (name,email,pass,regist_at) VALUES (?,?,?,?)  [test,aaa@hoge.com,$2y$10$gqEIO3xota6.mbC7mvdkC.E9Y/XQrRAJDXDVz8X5vxwXzjKxnfKCe,2023-03-03 16:36:26]
[SQL_LOG:2023-03-03 16:38:28]:  INSERT INTO user (name,email,pass,regist_at) VALUES (?,?,?,?)  [testb,bbb@hoge.com,$2y$10$zqgje2ftr9jLPSXKCwyW5uLTLcGT53lEOuE5Z2kXjFp/Zs2Nja7.2,2023-03-03 16:38:28]
[SQL_LOG:2023-03-03 16:40:32]:  INSERT INTO user (name,email,pass,regist_at) VALUES (?,?,?,?)  [testb,bbb@hoge.com,$2y$10$zt1lzYZzV9suDGrJCMMedO9poWONW4Goeohe62DLaj2X4UfbfrxVG,2023-03-03 16:40:32]
[SQL_LOG:2023-03-03 16:41:15]:  INSERT INTO user (name,email,pass,regist_at) VALUES (?,?,?,?)  [c,ccc@hoge.com,$2y$10$JMlABqws3..tldMD5gp2j.YEE9goJuYLeYpVso16Ks4F8qogbwlSe,2023-03-03 16:41:15]
[SQL_LOG:2023-03-03 16:43:16]:  INSERT INTO user (name,email,pass,regist_at) VALUES (?,?,?,?)  [u4,u4@gmail.com,$2y$10$ODLHExVBwRVZe0wc/zi35ezhfKbSgBoNAAMB57ZEl4lKdSdOGOj1m,2023-03-03 16:43:16]
[SQL_LOG:2023-03-03 16:47:13]:  INSERT INTO user (name,email,pass,regist_at) VALUES (?,?,?,?)  [u5,u5@gmail.com,$2y$10$g97268pR.zNS3SylxQmrE.Vo4Wt8lLfm5J7lb1MGiq0ZIGgtarVdO,2023-03-03 16:47:13]
[SQL_LOG:2023-03-06 12:01:38]:  SELECT  email FROM  user WHERE  email = ?    [aaa@hoge.com]
[SQL_LOG:2023-03-06 13:23:51]:  SELECT  email FROM  user WHERE  email = ?    [aaa@hoge.com]
[SQL_LOG:2023-03-06 13:57:08]:  SELECT  email FROM  user WHERE  email = ?    [aaa@hoge.com]
[SQL_LOG:2023-03-06 13:57:22]:  SELECT  email FROM  user WHERE  email = ?    [aaa@hoge.com]
[SQL_LOG:2023-03-06 13:57:38]:  SELECT  email FROM  user WHERE  email = ?    [aaa@hoge.com]
[SQL_LOG:2023-03-06 13:57:43]:  SELECT  email FROM  user WHERE  email = ?    [aaa@hoge.com]
